<?xml version="1.0" encoding="UTF-8"?>
<!-- Generated by org.testng.reporters.JUnitXMLReporter -->
<testsuite ignored="0" hostname="DESKTOP-1PHE2Q8" failures="0" tests="3" name="Submit Order Test" time="46.89" errors="0" timestamp="2024-06-02T02:02:06 IST">
  <testcase classname="rahulshettyacademy.tests.SubmitOrderTest" name="submitOrder" time="7.643"/>
  <testcase classname="rahulshettyacademy.tests.SubmitOrderTest" name="submitOrder" time="6.367"/>
  <testcase classname="rahulshettyacademy.tests.SubmitOrderTest" name="verifyOrder" time="1.496"/>
</testsuite> <!-- Submit Order Test -->
