<?xml version="1.0" encoding="UTF-8"?>
<!-- Generated by org.testng.reporters.JUnitXMLReporter -->
<testsuite ignored="2" hostname="DESKTOP-1PHE2Q8" failures="0" tests="0" time="0.014" errors="0" timestamp="2024-06-03T02:00:43 IST">
  <testcase classname="rahulshettyacademy.tests.SubmitOrderTest" name="submitOrder" time="0.0">
    <ignored/>
  </testcase> <!-- submitOrder -->
  <testcase classname="rahulshettyacademy.tests.SubmitOrderTest" name="verifyOrder" time="0.0">
    <ignored/>
  </testcase> <!-- verifyOrder -->
</testsuite>
